TN:
SF:src/revista.ts
FN:4,(anonymous_0)
FN:13,(anonymous_1)
FN:16,(anonymous_2)
FN:19,(anonymous_3)
FN:22,(anonymous_4)
FN:29,(anonymous_5)
FN:40,(anonymous_6)
FN:51,(anonymous_7)
FN:52,(anonymous_8)
FN:57,(anonymous_9)
FNF:10
FNH:10
FNDA:1,(anonymous_0)
FNDA:3,(anonymous_1)
FNDA:2,(anonymous_2)
FNDA:4,(anonymous_3)
FNDA:6,(anonymous_4)
FNDA:4,(anonymous_5)
FNDA:1,(anonymous_6)
FNDA:1,(anonymous_7)
FNDA:2,(anonymous_8)
FNDA:1,(anonymous_9)
DA:4,1
DA:8,1
DA:9,3
DA:11,3
DA:13,3
DA:17,2
DA:20,4
DA:23,6
DA:30,4
DA:31,1
DA:33,3
DA:41,1
DA:42,1
DA:43,0
DA:45,1
DA:52,2
DA:58,1
DA:59,1
LF:18
LH:17
BRDA:4,0,0,1
BRDA:4,0,1,1
BRDA:30,1,0,1
BRDA:30,1,1,3
BRDA:42,2,0,0
BRDA:42,2,1,1
BRF:6
BRH:5
end_of_record
TN:
SF:src/suscriptor.ts
FN:5,(anonymous_0)
FN:10,(anonymous_1)
FN:13,(anonymous_2)
FN:16,(anonymous_3)
FN:23,(anonymous_4)
FNF:5
FNH:5
FNDA:1,(anonymous_0)
FNDA:4,(anonymous_1)
FNDA:2,(anonymous_2)
FNDA:2,(anonymous_3)
FNDA:4,(anonymous_4)
DA:1,1
DA:5,1
DA:9,1
DA:10,4
DA:14,2
DA:17,2
DA:24,4
DA:25,4
DA:27,2
DA:30,0
DA:33,2
DA:37,1
DA:38,1
DA:39,1
DA:41,1
DA:42,1
DA:44,1
DA:45,1
DA:47,1
DA:48,1
DA:50,1
DA:53,1
DA:54,1
DA:56,1
DA:57,1
LF:25
LH:24
BRDA:5,0,0,1
BRDA:5,0,1,1
BRDA:24,1,0,4
BRDA:24,1,1,0
BRDA:25,2,0,2
BRF:5
BRH:4
end_of_record
